<?xml version="1.0" encoding="UTF-8"?>
<testng-results skipped="0" failed="1" total="1" passed="0">
  <reporter-output>
    <line>
      <![CDATA[Initialaized chromedriver]]>
    </line>
    <line>
      <![CDATA[Login sucessfull]]>
    </line>
    <line>
      <![CDATA[Selected My application Option from Home page]]>
    </line>
    <line>
      <![CDATA[Selected a application to creare profile]]>
    </line>
    <line>
      <![CDATA[EPG will be created in profile uat]]>
    </line>
    <line>
      <![CDATA[Vm will be created underuat]]>
    </line>
    <line>
      <![CDATA[OSType is Windows]]>
    </line>
    <line>
      <![CDATA[Vm name is validated.]]>
    </line>
  </reporter-output>
  <suite name="Default suite" duration-ms="296285" started-at="2018-05-30T09:37:38Z" finished-at="2018-05-30T09:42:34Z">
    <groups>
    </groups>
    <test name="Default test" duration-ms="296285" started-at="2018-05-30T09:37:38Z" finished-at="2018-05-30T09:42:34Z">
      <class name="Scripts.CreateVM">
        <test-method status="PASS" signature="BeforeLogin()[pri:0, instance:Scripts.CreateVM@5e3a8624]" name="BeforeLogin" is-config="true" duration-ms="60557" started-at="2018-05-30T15:07:38Z" finished-at="2018-05-30T15:08:38Z">
          <reporter-output>
            <line>
              <![CDATA[Initialaized chromedriver]]>
            </line>
            <line>
              <![CDATA[Login sucessfull]]>
            </line>
          </reporter-output>
        </test-method> <!-- BeforeLogin -->
        <test-method status="FAIL" signature="VMCreate()[pri:0, instance:Scripts.CreateVM@5e3a8624]" name="VMCreate" duration-ms="233611" started-at="2018-05-30T15:08:38Z" finished-at="2018-05-30T15:12:32Z">
          <exception class="java.lang.AssertionError">
            <message>
              <![CDATA[OS Template not avialble: Please check the config value ]]>
            </message>
            <full-stacktrace>
              <![CDATA[java.lang.AssertionError: OS Template not avialble: Please check the config value 
	at org.junit.Assert.fail(Assert.java:93)
	at Scripts.CreateVM.VMCreate(CreateVM.java:134)
	at sun.reflect.NativeMethodAccessorImpl.invoke0(Native Method)
	at sun.reflect.NativeMethodAccessorImpl.invoke(NativeMethodAccessorImpl.java:62)
	at sun.reflect.DelegatingMethodAccessorImpl.invoke(DelegatingMethodAccessorImpl.java:43)
	at java.lang.reflect.Method.invoke(Method.java:498)
	at org.testng.internal.MethodInvocationHelper.invokeMethod(MethodInvocationHelper.java:80)
	at org.testng.internal.Invoker.invokeMethod(Invoker.java:714)
	at org.testng.internal.Invoker.invokeTestMethod(Invoker.java:901)
	at org.testng.internal.Invoker.invokeTestMethods(Invoker.java:1231)
	at org.testng.internal.TestMethodWorker.invokeTestMethods(TestMethodWorker.java:127)
	at org.testng.internal.TestMethodWorker.run(TestMethodWorker.java:111)
	at org.testng.TestRunner.privateRun(TestRunner.java:767)
	at org.testng.TestRunner.run(TestRunner.java:617)
	at org.testng.SuiteRunner.runTest(SuiteRunner.java:334)
	at org.testng.SuiteRunner.runSequentially(SuiteRunner.java:329)
	at org.testng.SuiteRunner.privateRun(SuiteRunner.java:291)
	at org.testng.SuiteRunner.run(SuiteRunner.java:240)
	at org.testng.SuiteRunnerWorker.runSuite(SuiteRunnerWorker.java:52)
	at org.testng.SuiteRunnerWorker.run(SuiteRunnerWorker.java:86)
	at org.testng.TestNG.runSuitesSequentially(TestNG.java:1198)
	at org.testng.TestNG.runSuitesLocally(TestNG.java:1123)
	at org.testng.TestNG.run(TestNG.java:1031)
	at org.testng.remote.AbstractRemoteTestNG.run(AbstractRemoteTestNG.java:114)
	at org.testng.remote.RemoteTestNG.initAndRun(RemoteTestNG.java:251)
	at org.testng.remote.RemoteTestNG.main(RemoteTestNG.java:77)
]]>
            </full-stacktrace>
          </exception> <!-- java.lang.AssertionError -->
          <reporter-output>
            <line>
              <![CDATA[Selected My application Option from Home page]]>
            </line>
            <line>
              <![CDATA[Selected a application to creare profile]]>
            </line>
            <line>
              <![CDATA[EPG will be created in profile uat]]>
            </line>
            <line>
              <![CDATA[Vm will be created underuat]]>
            </line>
            <line>
              <![CDATA[OSType is Windows]]>
            </line>
            <line>
              <![CDATA[Vm name is validated.]]>
            </line>
          </reporter-output>
        </test-method> <!-- VMCreate -->
        <test-method status="PASS" signature="AfterLogin()[pri:0, instance:Scripts.CreateVM@5e3a8624]" name="AfterLogin" is-config="true" duration-ms="2094" started-at="2018-05-30T15:12:32Z" finished-at="2018-05-30T15:12:34Z">
          <reporter-output>
          </reporter-output>
        </test-method> <!-- AfterLogin -->
      </class> <!-- Scripts.CreateVM -->
    </test> <!-- Default test -->
  </suite> <!-- Default suite -->
</testng-results>
